<?xml version="1.0" encoding="UTF-8"?>
<testng-results ignored="0" total="1" passed="1" failed="0" skipped="0">
  <reporter-output>
  </reporter-output>
  <suite started-at="2023-04-10T23:28:38 PDT" name="Default suite" finished-at="2023-04-10T23:28:38 PDT" duration-ms="123">
    <groups>
    </groups>
    <test started-at="2023-04-10T23:28:38 PDT" name="Default test" finished-at="2023-04-10T23:28:38 PDT" duration-ms="123">
      <class name="demo.DemoTest">
        <test-method signature="demo()[pri:0, instance:demo.DemoTest@776b83cc]" started-at="2023-04-10T23:28:38 PDT" name="demo" finished-at="2023-04-10T23:28:38 PDT" duration-ms="22" status="PASS">
          <reporter-output>
          </reporter-output>
        </test-method> <!-- demo -->
      </class> <!-- demo.DemoTest -->
    </test> <!-- Default test -->
  </suite> <!-- Default suite -->
</testng-results>
